#
# A fatal error has been detected by the Java Runtime Environment:
#
#  Internal Error (javaClasses.cpp:126), pid=5480, tid=2652
#  fatal error: Invalid layout of preloaded class
#
# JRE version:  (8.0_25-b18) (build )
# Java VM: Java HotSpot(TM) 64-Bit Server VM (25.25-b02 mixed mode windows-amd64 compressed oops)
# Failed to write core dump. Minidumps are not enabled by default on client versions of Windows
#
# If you would like to submit a bug report, please visit:
#   http://bugreport.sun.com/bugreport/crash.jsp
#

---------------  T H R E A D  ---------------

Current thread (0x0000000002d30800):  JavaThread "Unknown thread" [_thread_in_vm, id=2652, stack(0x0000000002bd0000,0x0000000002cd0000)]

Stack: [0x0000000002bd0000,0x0000000002cd0000]
Native frames: (J=compiled Java code, j=interpreted, Vv=VM code, C=native code)
V  [jvm.dll+0x31667a]
V  [jvm.dll+0x267073]
V  [jvm.dll+0x267cb3]
V  [jvm.dll+0x25f536]
V  [jvm.dll+0x5e773]
V  [jvm.dll+0x5e863]
V  [jvm.dll+0x731ca]
V  [jvm.dll+0x73528]
V  [jvm.dll+0xe48b7]
V  [jvm.dll+0xe4c46]
V  [jvm.dll+0x1f9ae7]
V  [jvm.dll+0x22b2e4]
V  [jvm.dll+0x14d571]
C  [javaw.exe+0x20c6]
C  [javaw.exe+0xc9eb]
C  [javaw.exe+0xca7f]
C  [KERNEL32.DLL+0x16ad]
C  [ntdll.dll+0x54409]


---------------  P R O C E S S  ---------------

Java Threads: ( => current thread )

Other Threads:

=>0x0000000002d30800 (exited) JavaThread "Unknown thread" [_thread_in_vm, id=2652, stack(0x0000000002bd0000,0x0000000002cd0000)]

VM state:not at safepoint (not fully initialized)

VM Mutex/Monitor currently owned by a thread: None

GC Heap History (0 events):
No events

Deoptimization events (0 events):
No events

Internal exceptions (0 events):
No events

Events (10 events):
Event: 0.038 loading class java/lang/CharSequence done
Event: 0.039 loading class java/lang/String done
Event: 0.039 loading class java/lang/Class
Event: 0.039 loading class java/lang/reflect/AnnotatedElement
Event: 0.039 loading class java/lang/reflect/AnnotatedElement done
Event: 0.039 loading class java/lang/reflect/GenericDeclaration
Event: 0.039 loading class java/lang/reflect/GenericDeclaration done
Event: 0.039 loading class java/lang/reflect/Type
Event: 0.040 loading class java/lang/reflect/Type done
Event: 0.040 loading class java/lang/Class done


Dynamic libraries:
0x00007ff711560000 - 0x00007ff711594000 	C:\Program Files\Java\jre1.8.0_25\bin\javaw.exe
0x00007fff2b460000 - 0x00007fff2b606000 	C:\WINDOWS\SYSTEM32\ntdll.dll
0x00007fff2a990000 - 0x00007fff2aaca000 	C:\WINDOWS\system32\KERNEL32.DLL
0x00007fff28bd0000 - 0x00007fff28cdf000 	C:\WINDOWS\system32\KERNELBASE.dll
0x00007fff273e0000 - 0x00007fff27468000 	C:\WINDOWS\system32\apphelp.dll
0x00007fff211c0000 - 0x00007fff2120f000 	C:\WINDOWS\AppPatch\AppPatch64\AcGenral.DLL
0x00007fff2acc0000 - 0x00007fff2ad67000 	C:\WINDOWS\system32\msvcrt.dll
0x00007fff28680000 - 0x00007fff286ab000 	C:\WINDOWS\SYSTEM32\SspiCli.dll
0x00007fff2b110000 - 0x00007fff2b161000 	C:\WINDOWS\system32\SHLWAPI.dll
0x00007fff2b2c0000 - 0x00007fff2b431000 	C:\WINDOWS\system32\USER32.dll
0x00007fff2a810000 - 0x00007fff2a988000 	C:\WINDOWS\system32\ole32.dll
0x00007fff291a0000 - 0x00007fff2a5af000 	C:\WINDOWS\system32\SHELL32.dll
0x00007fff27e40000 - 0x00007fff27e5e000 	C:\WINDOWS\SYSTEM32\USERENV.dll
0x00007fff2ae70000 - 0x00007fff2af15000 	C:\WINDOWS\system32\ADVAPI32.dll
0x00007fff20580000 - 0x00007fff2059b000 	C:\WINDOWS\SYSTEM32\MPR.dll
0x00007fff2ab80000 - 0x00007fff2acb7000 	C:\WINDOWS\system32\RPCRT4.dll
0x00007fff2ad70000 - 0x00007fff2adc7000 	C:\WINDOWS\SYSTEM32\sechost.dll
0x00007fff28cf0000 - 0x00007fff28ec6000 	C:\WINDOWS\SYSTEM32\combase.dll
0x00007fff2b170000 - 0x00007fff2b2b4000 	C:\WINDOWS\system32\GDI32.dll
0x00007fff287d0000 - 0x00007fff287e4000 	C:\WINDOWS\SYSTEM32\profapi.dll
0x00007fff269f0000 - 0x00007fff26a8f000 	C:\WINDOWS\SYSTEM32\SHCORE.dll
0x00007fff2a5b0000 - 0x00007fff2a5e4000 	C:\WINDOWS\system32\IMM32.DLL
0x00007fff29060000 - 0x00007fff29199000 	C:\WINDOWS\system32\MSCTF.dll
0x00007fff25fa0000 - 0x00007fff261fa000 	C:\WINDOWS\WinSxS\amd64_microsoft.windows.common-controls_6595b64144ccf1df_6.0.9600.17031_none_6242a4b3ecbb55a1\COMCTL32.dll
0x000000006d200000 - 0x000000006d2d2000 	C:\Program Files\Java\jre1.8.0_25\bin\msvcr100.dll
0x000000006d5d0000 - 0x000000006de2a000 	C:\Program Files\Java\jre1.8.0_25\bin\server\jvm.dll
0x00007fff24910000 - 0x00007fff24919000 	C:\WINDOWS\SYSTEM32\WSOCK32.dll
0x00007fff24290000 - 0x00007fff242af000 	C:\WINDOWS\SYSTEM32\WINMM.dll
0x00007fff2b450000 - 0x00007fff2b457000 	C:\WINDOWS\system32\PSAPI.DLL
0x00007fff2a5f0000 - 0x00007fff2a648000 	C:\WINDOWS\system32\WS2_32.dll
0x00007fff240b0000 - 0x00007fff240da000 	C:\WINDOWS\SYSTEM32\WINMMBASE.dll
0x00007fff2b100000 - 0x00007fff2b109000 	C:\WINDOWS\system32\NSI.dll
0x00007fff288a0000 - 0x00007fff288ea000 	C:\WINDOWS\SYSTEM32\cfgmgr32.dll
0x00007fff27650000 - 0x00007fff27676000 	C:\WINDOWS\SYSTEM32\DEVOBJ.dll
0x000000006d5c0000 - 0x000000006d5cf000 	C:\Program Files\Java\jre1.8.0_25\bin\verify.dll
0x000000006d590000 - 0x000000006d5b8000 	C:\Program Files\Java\jre1.8.0_25\bin\java.dll
0x000000006d540000 - 0x000000006d556000 	C:\Program Files\Java\jre1.8.0_25\bin\zip.dll
0x00007fff1a9d0000 - 0x00007fff1ab58000 	C:\WINDOWS\SYSTEM32\dbghelp.dll

VM Arguments:
jvm_args: -Dfile.encoding=MS932 -Xbootclasspath:C:\sdk\sdk\platforms\android-17\android.jar;C:\sdk\sdk\add-ons\addon-google_apis-google-17\libs\usb.jar;C:\sdk\sdk\add-ons\addon-google_apis-google-17\libs\effects.jar;C:\sdk\sdk\add-ons\addon-google_apis-google-17\libs\maps.jar 
java_command: Main
java_class_path (initial): C:\work\android\Prog_Post\Prog_Post\libs\android-support-v4.jar;C:\work\android\Prog_Post\Prog_Post\bin\classes
Launcher Type: SUN_STANDARD

Environment Variables:
PATH=C:/Program Files/Java/jre1.8.0_25/bin/server;C:/Program Files/Java/jre1.8.0_25/bin;C:/Program Files/Java/jre1.8.0_25/lib/amd64;C:\xampp\php;C:\xampp\htdocs\cakephp\app\Console;C:\xampp\php;C:\ProgramData\Oracle\Java\javapath;C:\WINDOWS\system32;C:\WINDOWS;C:\WINDOWS\System32\Wbem;C:\WINDOWS\System32\WindowsPowerShell\v1.0\;C:\Program Files (x86)\Windows Live\Shared;C:\Program Files\Java\jdk1.8.0_25\bin;C:\sdk\sdk\platform-tools;C:\sdk\sdk\tools;C:\eclipse3;
USERNAME=kenta
OS=Windows_NT
PROCESSOR_IDENTIFIER=Intel64 Family 6 Model 42 Stepping 7, GenuineIntel



---------------  S Y S T E M  ---------------

OS: Windows 8.1 , 64 bit Build 9600 

CPU:total 4 (2 cores per cpu, 2 threads per core) family 6 model 42 stepping 7, cmov, cx8, fxsr, mmx, sse, sse2, sse3, ssse3, sse4.1, sse4.2, popcnt, avx, aes, clmul, ht, tsc, tscinvbit

Memory: 4k page, physical 8289712k(5305724k free), swap 9764272k(5892384k free)

vm_info: Java HotSpot(TM) 64-Bit Server VM (25.25-b02) for windows-amd64 JRE (1.8.0_25-b18), built on Oct  7 2014 14:25:37 by "java_re" with MS VC++ 10.0 (VS2010)

time: Wed Jan 14 11:56:06 2015
elapsed time: 0 seconds (0d 0h 0m 0s)

